android/app/build/outputs/mapping/release/seeds.txt
com.paydayloan.ContactModule
com.paydayloan.ContactModule: com.facebook.react.bridge.ReactApplicationContext mContext
com.paydayloan.ContactModule: android.app.Activity mActivity
com.paydayloan.ContactModule: int CONTACT_SELECT_REQUEST
com.paydayloan.ContactModule: java.lang.String CONTACT_SELECT_CANCEL
com.paydayloan.ContactModule: java.lang.String CONTACT_SELECT_FAILED
com.paydayloan.ContactModule: com.facebook.react.bridge.Promise contactPromise
com.paydayloan.ContactModule: com.facebook.react.bridge.ActivityEventListener mActivityEventListener
com.paydayloan.ContactModule: ContactModule(com.facebook.react.bridge.ReactApplicationContext)
com.paydayloan.ContactModule: void openContact(com.facebook.react.bridge.Promise)
com.paydayloan.ContactModule: boolean isReadContact()
com.paydayloan.ContactModule: java.lang.String getName()
com.paydayloan.ContactModule: java.lang.String[] getPhoneContacts(android.net.Uri)
com.paydayloan.ContactModule: java.lang.String[] access$000(com.paydayloan.ContactModule,android.net.Uri)
com.paydayloan.ContactModule: com.facebook.react.bridge.Promise access$100(com.paydayloan.ContactModule)
com.paydayloan.ContactModule: com.facebook.react.bridge.Promise access$102(com.paydayloan.ContactModule,com.facebook.react.bridge.Promise)
com.paydayloan.MainActivity
com.paydayloan.MainActivity: MainActivity()
com.paydayloan.MainApplication
com.paydayloan.MainApplication: MainApplication()
com.paydayloan.R$anim: int abc_fade_in
com.paydayloan.R$anim: int abc_fade_out
com.paydayloan.R$anim: int abc_grow_fade_in_from_bottom
com.paydayloan.R$anim: int abc_popup_enter
com.paydayloan.R$anim: int abc_popup_exit
com.paydayloan.R$anim: int abc_shrink_fade_out_from_bottom
com.paydayloan.R$anim: int abc_slide_in_bottom
com.paydayloan.R$anim: int abc_slide_in_top
com.paydayloan.R$anim: int abc_slide_out_bottom
com.paydayloan.R$anim: int abc_slide_out_top
com.paydayloan.R$anim: int abc_tooltip_enter
com.paydayloan.R$anim: int abc_tooltip_exit
com.paydayloan.R$anim: int catalyst_fade_in
com.paydayloan.R$anim: int catalyst_fade_out
com.paydayloan.R$anim: int catalyst_push_up_in
com.paydayloan.R$anim: int catalyst_push_up_out
com.paydayloan.R$anim: int catalyst_slide_down
com.paydayloan.R$anim: int catalyst_slide_up
com.paydayloan.R$anim: int picker_enter
com.paydayloan.R$anim: int picker_exit
com.paydayloan.R$attr: int actionBarDivider
com.paydayloan.R$attr: int actionBarItemBackground
com.paydayloan.R$attr: int actionBarPopupTheme
com.paydayloan.R$attr: int actionBarSize
com.paydayloan.R$attr: int actionBarSplitStyle
com.paydayloan.R$attr: int actionBarStyle
com.paydayloan.R$attr: int actionBarTabBarStyle
com.paydayloan.R$attr: int actionBarTabStyle
com.paydayloan.R$attr: int actionBarTabTextStyle
com.paydayloan.R$attr: int actionBarTheme
com.paydayloan.R$attr: int actionBarWidgetTheme
com.paydayloan.R$attr: int actionButtonStyle
com.paydayloan.R$attr: int actionDropDownStyle
com.paydayloan.R$attr: int actionLayout
com.paydayloan.R$attr: int actionMenuTextAppearance
com.paydayloan.R$attr: int actionMenuTextColor
com.paydayloan.R$attr: int actionModeBackground
com.paydayloan.R$attr: int actionModeCloseButtonStyle
com.paydayloan.R$attr: int actionModeCloseDrawable
com.paydayloan.R$attr: int actionModeCopyDrawable
com.paydayloan.R$attr: int actionModeCutDrawable
com.paydayloan.R$attr: int actionModeFindDrawable
com.paydayloan.R$attr: int actionModePasteDrawable
com.paydayloan.R$attr: int actionModePopupWindowStyle
com.paydayloan.R$attr: int actionModeSelectAllDrawable
com.paydayloan.R$attr: int actionModeShareDrawable
com.paydayloan.R$attr: int actionModeSplitBackground
com.paydayloan.R$attr: int actionModeStyle
com.paydayloan.R$attr: int actionModeWebSearchDrawable
com.paydayloan.R$attr: int actionOverflowButtonStyle
...
com.facebook.react.bridge.ReadableNativeMap$1
com.facebook.react.bridge.ReadableNativeMap$1: int[] $SwitchMap$com$facebook$react$bridge$ReadableType
com.facebook.react.bridge.ReadableNativeMap$1: void <clinit>()
com.facebook.react.bridge.ReadableNativeMap$ReadableNativeMapKeySetIterator
com.facebook.react.bridge.ReadableNativeMap$ReadableNativeMapKeySetIterator: com.facebook.jni.HybridData mHybridData
com.facebook.react.bridge.ReadableNativeMap$ReadableNativeMapKeySetIterator: com.facebook.react.bridge.ReadableNativeMap mMap
com.facebook.react.bridge.ReadableNativeMap$ReadableNativeMapKeySetIterator: ReadableNativeMap$ReadableNativeMapKeySetIterator(com.facebook.react.bridge.ReadableNativeMap)
com.facebook.react.bridge.ReadableNativeMap$ReadableNativeMapKeySetIterator: boolean hasNextKey()
com.facebook.react.bridge.ReadableNativeMap$ReadableNativeMapKeySetIterator: java.lang.String nextKey()
com.facebook.react.bridge.ReadableNativeMap$ReadableNativeMapKeySetIterator: com.facebook.jni.HybridData initHybrid(com.facebook.react.bridge.ReadableNativeMap)
com.facebook.react.bridge.ReadableType
com.facebook.react.bridge.ReadableType: com.facebook.react.bridge.ReadableType Null
com.facebook.react.bridge.ReadableType: com.facebook.react.bridge.ReadableType Boolean
com.facebook.react.bridge.ReadableType: com.facebook.react.bridge.ReadableType Number
com.facebook.react.bridge.ReadableType: com.facebook.react.bridge.ReadableType String
com.facebook.react.bridge.ReadableType: com.facebook.react.bridge.ReadableType Map
com.facebook.react.bridge.ReadableType: com.facebook.react.bridge.ReadableType Array
com.facebook.react.bridge.ReadableType: com.facebook.react.bridge.ReadableType[] $VALUES
com.facebook.react.bridge.ReadableType: com.facebook.react.bridge.ReadableType[] values()
com.facebook.react.bridge.ReadableType: com.facebook.react.bridge.ReadableType valueOf(java.lang.String)
com.facebook.react.bridge.ReadableType: ReadableType(java.lang.String,int)
com.facebook.react.bridge.ReadableType: void <clinit>()
com.facebook.react.bridge.SoftAssertions
com.facebook.react.bridge.SoftAssertions: SoftAssertions()
com.facebook.react.bridge.SoftAssertions: void assertUnreachable(java.lang.String)
com.facebook.react.bridge.SoftAssertions: void assertCondition(boolean,java.lang.String)
com.facebook.react.bridge.SoftAssertions: java.lang.Object assertNotNull(java.lang.Object)
com.facebook.react.bridge.Systrace
com.facebook.react.bridge.Systrace: void setEnabled(boolean)
com.facebook.react.bridge.UIManager
com.facebook.react.bridge.UIManager: int addRootView(com.facebook.react.uimanager.common.SizeMonitoringFrameLayout)
com.facebook.react.bridge.UIManager: void updateRootLayoutSpecs(int,int,int)
com.facebook.react.bridge.UIManager: void dispatchCommand(int,int,com.facebook.react.bridge.ReadableArray)
com.facebook.react.bridge.UIManager: void setJSResponder(int,boolean)
com.facebook.react.bridge.UIManager: void clearJSResponder()
com.facebook.react.bridge.UiThreadUtil
com.facebook.react.bridge.UiThreadUtil: android.os.Handler sMainHandler
com.facebook.react.bridge.UiThreadUtil: UiThreadUtil()
com.facebook.react.bridge.UiThreadUtil: boolean isOnUiThread()
com.facebook.react.bridge.UiThreadUtil: void assertOnUiThread()
com.facebook.react.bridge.UiThreadUtil: void assertNotOnUiThread()
com.facebook.react.bridge.UiThreadUtil: void runOnUiThread(java.lang.Runnable)
com.facebook.react.bridge.UnexpectedNativeTypeException
com.facebook.react.bridge.UnexpectedNativeTypeException: UnexpectedNativeTypeException(java.lang.String)