android/app/build/outputs/mapping/release/mapping.txt
com.paydayloan.ContactModule -> com.paydayloan.ContactModule:
    com.facebook.react.bridge.ReactApplicationContext mContext -> mContext
    android.app.Activity mActivity -> mActivity
    int CONTACT_SELECT_REQUEST -> CONTACT_SELECT_REQUEST
    java.lang.String CONTACT_SELECT_CANCEL -> CONTACT_SELECT_CANCEL
    java.lang.String CONTACT_SELECT_FAILED -> CONTACT_SELECT_FAILED
    com.facebook.react.bridge.Promise contactPromise -> contactPromise
    com.facebook.react.bridge.ActivityEventListener mActivityEventListener -> mActivityEventListener
    void <init>(com.facebook.react.bridge.ReactApplicationContext) -> <init>
    void openContact(com.facebook.react.bridge.Promise) -> openContact
    boolean isReadContact() -> isReadContact
    java.lang.String getName() -> getName
    java.lang.String[] getPhoneContacts(android.net.Uri) -> getPhoneContacts
    java.lang.String[] access$000(com.paydayloan.ContactModule,android.net.Uri) -> access$000
    com.facebook.react.bridge.Promise access$100(com.paydayloan.ContactModule) -> access$100
    com.facebook.react.bridge.Promise access$102(com.paydayloan.ContactModule,com.facebook.react.bridge.Promise) -> access$102
com.paydayloan.ContactModule$1 -> com.paydayloan.ContactModule$1:
    com.paydayloan.ContactModule this$0 -> a
    void <init>(com.paydayloan.ContactModule) -> <init>
    void onActivityResult(android.app.Activity,int,int,android.content.Intent) -> onActivityResult
com.paydayloan.JsReactPackage -> com.paydayloan.a:
    void <init>() -> <init>
    java.util.List createViewManagers(com.facebook.react.bridge.ReactApplicationContext) -> b
    java.util.List createNativeModules(com.facebook.react.bridge.ReactApplicationContext) -> a
com.paydayloan.MainActivity -> com.paydayloan.MainActivity:
    void <init>() -> <init>
    java.lang.String getMainComponentName() -> a
com.paydayloan.MainApplication -> com.paydayloan.MainApplication:
    com.facebook.react.ReactNativeHost mReactNativeHost -> a
    void <init>() -> <init>
    com.facebook.react.ReactNativeHost getReactNativeHost() -> a
    void onCreate() -> onCreate
com.paydayloan.MainApplication$1 -> com.paydayloan.MainApplication$1:
    com.paydayloan.MainApplication this$0 -> a
    void <init>(com.paydayloan.MainApplication,android.app.Application) -> <init>
    boolean getUseDeveloperSupport() -> j
    java.util.List getPackages() -> k
    java.lang.String getJSMainModuleName() -> g
com.paydayloan.RSAModule -> com.paydayloan.RSAModule:
    com.facebook.react.bridge.ReactApplicationContext mContext -> mContext
    void encryptedData(java.lang.String,com.facebook.react.bridge.Callback) -> encryptedData
    void <init>(com.facebook.react.bridge.ReactApplicationContext) -> <init>
    java.lang.String getName() -> getName
com.paydayloan.utils.RSAUtils -> com.paydayloan.a.a:
    java.security.PublicKey getPublicKey(java.lang.String) -> a
    byte[] encryptData(byte[],java.security.PublicKey) -> a
    java.lang.String encryptByPublicKey(java.lang.String,java.lang.String) -> a
...
com.facebook.soloader.SoLoader -> com.facebook.soloader.SoLoader:
    boolean SYSTRACE_LIBRARY_LOADING -> a
    com.facebook.soloader.SoFileLoader sSoFileLoader -> b
    java.util.concurrent.locks.ReentrantReadWriteLock sSoSourcesLock -> c
    com.facebook.soloader.SoSource[] sSoSources -> d
    int sSoSourcesVersion -> e
    com.facebook.soloader.UnpackingSoSource sBackupSoSource -> f
    com.facebook.soloader.ApplicationSoSource sApplicationSoSource -> g
    java.util.HashSet sLoadedLibraries -> h
    java.util.Map sLoadingLibraries -> i
    java.util.Set sLoadedAndMergedLibraries -> j
    com.facebook.soloader.SystemLoadLibraryWrapper sSystemLoadLibraryWrapper -> k
    int sFlags -> l
    void <init>() -> <init>
    void init(android.content.Context,int) -> a
    void init(android.content.Context,int,com.facebook.soloader.SoFileLoader) -> a
    void init(android.content.Context,boolean) -> a
    void initSoSources(android.content.Context,int,com.facebook.soloader.SoFileLoader) -> b
    int makePrepareFlags() -> a
    void initSoLoader(com.facebook.soloader.SoFileLoader) -> a
    java.lang.reflect.Method getNativeLoadRuntimeMethod() -> b
    boolean loadLibrary(java.lang.String) -> a
    boolean loadLibrary(java.lang.String,int) -> a
    void loadLibraryBySoName(java.lang.String,int,android.os.StrictMode$ThreadPolicy) -> a
    boolean loadLibraryBySoName(java.lang.String,java.lang.String,java.lang.String,int,android.os.StrictMode$ThreadPolicy) -> a
com.facebook.soloader.SoLoader$1 -> com.facebook.soloader.SoLoader$1:
    boolean val$hasNativeLoadMethod -> a
    java.lang.String val$localLdLibraryPath -> b
    java.lang.String val$localLdLibraryPathNoZips -> c
    java.lang.Runtime val$runtime -> d
    java.lang.reflect.Method val$nativeLoadRuntimeMethod -> e
    void <init>(boolean,java.lang.String,java.lang.String,java.lang.Runtime,java.lang.reflect.Method) -> <init>
    void load(java.lang.String,int) -> a
    java.lang.String getLibHash(java.lang.String) -> a
com.facebook.soloader.SoLoader$Api14Utils -> com.facebook.soloader.SoLoader$Api14Utils:
    void <init>() -> <init>
    java.lang.String getClassLoaderLdLoadLibrary() -> a
com.facebook.soloader.SoLoader$WrongAbiError -> com.facebook.soloader.SoLoader$a:
    void <init>(java.lang.Throwable) -> <init>
com.facebook.soloader.SoSource -> com.facebook.soloader.k:
    void <init>() -> <init>
    void prepare(int) -> a
    int loadLibrary(java.lang.String,int,android.os.StrictMode$ThreadPolicy) -> a
    java.io.File unpackLibrary(java.lang.String) -> a
    java.lang.String toString() -> toString
com.facebook.soloader.SysUtil -> com.facebook.soloader.l:
    int findAbiScore(java.lang.String[],java.lang.String) -> a
    java.lang.String[] getSupportedAbis() -> a
    void fallocateIfSupported(java.io.FileDescriptor,long) -> a
    void dumbDeleteRecursive(java.io.File) -> a
    void mkdirOrThrow(java.io.File) -> b
    int copyBytes(java.io.RandomAccessFile,java.io.InputStream,int,byte[]) -> a
    void fsyncRecursive(java.io.File) -> c
    int getAppVersionCode(android.content.Context) -> a
com.facebook.soloader.SysUtil$LollipopSysdeps -> com.facebook.soloader.l$a:
    java.lang.String[] getSupportedAbis() -> getSupportedAbis
    void fallocateIfSupported(java.io.FileDescriptor,long) -> fallocateIfSupported
com.facebook.soloader.SystemLoadLibraryWrapper -> com.facebook.soloader.m:
    void loadLibrary(java.lang.String) -> a