android/app/build/outputs/mapping/release/usage.txt
com.paydayloan.BuildConfig
com.paydayloan.R
com.paydayloan.R$anim
com.paydayloan.R$attr
com.paydayloan.R$bool
com.paydayloan.R$color
com.paydayloan.R$dimen
com.paydayloan.R$drawable
com.paydayloan.R$id
com.paydayloan.R$integer
com.paydayloan.R$layout
com.paydayloan.R$mipmap
com.paydayloan.R$string
com.paydayloan.R$style
com.paydayloan.R$styleable
com.paydayloan.R$xml
com.paydayloan.utils.RSAUtils:
    private static final java.lang.String PUBLIC_KEY
    private static final int MAX_ENCRYPT_BLOCK
    22:22:public RSAUtils()
    29:31:private static java.security.KeyPair generateRSAKeyPair(int)
    45:49:public static java.security.PublicKey getPublicKey(java.lang.String,java.lang.String)
...
com.google.android.gms.common.api.internal.BaseImplementation
com.google.android.gms.common.api.internal.BaseImplementation$ApiMethodImpl
com.google.android.gms.common.api.internal.BaseImplementation$ResultHolder
com.google.android.gms.common.api.internal.BasePendingResult:
    private volatile com.google.android.gms.common.api.internal.zacm zady
    10:19:protected BasePendingResult(com.google.android.gms.common.api.GoogleApiClient)
    20:28:protected BasePendingResult(android.os.Looper)
    29:37:protected BasePendingResult(com.google.android.gms.common.api.internal.BasePendingResult$CallbackHandler)
    39:47:public final com.google.android.gms.common.api.Result await()
    48:59:public final com.google.android.gms.common.api.Result await(long,java.util.concurrent.TimeUnit)
    60:71:public final void setResultCallback(com.google.android.gms.common.api.ResultCallback)
    72:85:public final void setResultCallback(com.google.android.gms.common.api.ResultCallback,long,java.util.concurrent.TimeUnit)
    86:91:public final void addStatusListener(com.google.android.gms.common.api.PendingResult$StatusListener)
    92:102:public void cancel()
    103:108:public final boolean zat()
    109:111:public boolean isCanceled()
    112:124:public com.google.android.gms.common.api.TransformedResult then(com.google.android.gms.common.api.ResultTransform)
    138:139:public final void zaa(com.google.android.gms.common.api.internal.zacs)
    140:140:public final java.lang.Integer zam()
    141:143:protected final void setCancelToken(com.google.android.gms.common.internal.ICancelToken)
    144:145:public final void zau()
com.google.android.gms.common.api.internal.DataHolderNotifier
com.google.android.gms.common.api.internal.DataHolderResult
com.google.android.gms.common.api.internal.GoogleApiManager:
    11:14:public static com.google.android.gms.common.api.internal.GoogleApiManager zabc()
    15:20:public static void reportSignOut()
    37:37:public final int zabd()
    38:39:public final void zaa(com.google.android.gms.common.api.GoogleApi)
    49:54:public final void zaa(com.google.android.gms.common.api.internal.zaae)
    55:59:final void zab(com.google.android.gms.common.api.internal.zaae)
    60:62:public final com.google.android.gms.tasks.Task zaa(java.lang.Iterable)
    65:67:final void maybeSignOut()
    68:70:public final com.google.android.gms.tasks.Task zac(com.google.android.gms.common.api.GoogleApi)
    71:76:public final void zaa(com.google.android.gms.common.api.GoogleApi,int,com.google.android.gms.common.api.internal.BaseImplementation$ApiMethodImpl)
    77:82:public final void zaa(com.google.android.gms.common.api.GoogleApi,int,com.google.android.gms.common.api.internal.TaskApiCall,com.google.android.gms.tasks.TaskCompletionSource,com.google.android.gms.common.api.internal.StatusExceptionMapper)
    83:89:public final com.google.android.gms.tasks.Task zaa(com.google.android.gms.common.api.GoogleApi,com.google.android.gms.common.api.internal.RegisterListenerMethod,com.google.android.gms.common.api.internal.UnregisterListenerMethod)
com.google.android.gms.common.api.internal.GoogleApiManager$zaa:
    68:71:public final void zaa(com.google.android.gms.common.ConnectionResult,com.google.android.gms.common.api.Api,boolean)
    240:240:final com.google.android.gms.signin.zad zabq()
com.google.android.gms.common.api.internal.GoogleServices
com.google.android.gms.common.api.internal.IStatusCallback
com.google.android.gms.common.api.internal.IStatusCallback$Stub
com.google.android.gms.common.api.internal.IStatusCallback$Stub$zaa